<?xml version="1.0" encoding="UTF-8"?>
<testng-results skipped="0" failed="0" ignored="0" total="1" passed="1">
  <reporter-output>
  </reporter-output>
  <suite name="Default suite" duration-ms="9360" started-at="2020-08-16T07:23:52Z" finished-at="2020-08-16T07:24:01Z">
    <groups>
    </groups>
    <test name="Default test" duration-ms="9360" started-at="2020-08-16T07:23:52Z" finished-at="2020-08-16T07:24:01Z">
      <class name="tests.LoginTest">
        <test-method status="PASS" signature="browsersetup(java.lang.String)[pri:0, instance:tests.LoginTest@3a5ed7a6]" name="browsersetup" is-config="true" duration-ms="6409" started-at="2020-08-16T07:23:45Z" finished-at="2020-08-16T07:23:52Z">
          <params>
            <param index="0">
              <value>
                <![CDATA[firefox]]>
              </value>
            </param>
          </params>
          <reporter-output>
          </reporter-output>
        </test-method> <!-- browsersetup -->
        <test-method status="PASS" signature="openURL()[pri:0, instance:tests.LoginTest@3a5ed7a6]" name="openURL" is-config="true" duration-ms="3865" started-at="2020-08-16T07:23:52Z" finished-at="2020-08-16T07:23:56Z">
          <reporter-output>
          </reporter-output>
        </test-method> <!-- openURL -->
        <test-method status="PASS" signature="UserCanLogInSuccees()[pri:0, instance:tests.LoginTest@3a5ed7a6]" name="UserCanLogInSuccees" duration-ms="3557" started-at="2020-08-16T07:23:56Z" finished-at="2020-08-16T07:23:59Z">
          <reporter-output>
          </reporter-output>
        </test-method> <!-- UserCanLogInSuccees -->
        <test-method status="PASS" signature="close()[pri:0, instance:tests.LoginTest@3a5ed7a6]" name="close" is-config="true" duration-ms="1907" started-at="2020-08-16T07:23:59Z" finished-at="2020-08-16T07:24:01Z">
          <reporter-output>
          </reporter-output>
        </test-method> <!-- close -->
      </class> <!-- tests.LoginTest -->
    </test> <!-- Default test -->
  </suite> <!-- Default suite -->
</testng-results>
